Log file open, 02/28/20 13:56:21
LogWindows: Failed to load 'aqProf.dll' (GetLastError=126)
LogWindows: File 'aqProf.dll' does not exist
LogWindows: Failed to load 'VtuneApi.dll' (GetLastError=126)
LogWindows: File 'VtuneApi.dll' does not exist
LogWindows: Failed to load 'VtuneApi32e.dll' (GetLastError=126)
LogWindows: File 'VtuneApi32e.dll' does not exist
LogInit: Display: Running engine for game: Alien1916MASTER
LogPlatformFile: Not using cached read wrapper
LogInit: Display: RandInit(1820585040) SRandInit(1820585040).
LogInit: Read version file with build ID '3944462'
LogInit: Overriding engine version to CL 4033788, compatible CL 3944462
LogInit: Registered custom module enumerator with build ID '3944462'
LogTaskGraph: Started task graph with 5 named threads and 35 total threads with 3 sets of task threads.
LogStats: Stats thread started at 1.131112
LogD3D11RHI: Aftermath initialized
LogICUInternationalization: Display: ICU TimeZone Detection - Raw Offset: +0:00, Platform Override: ''
LogModuleManager: Display: Found up-to-date module file ../../../Engine/Plugins/Runtime/ApexDestruction/Binaries/Win64/UE4Editor-ApexDestruction.dll (API version 3944462).
LogModuleManager: Display: Found up-to-date module file ../../../Engine/Plugins/Runtime/ApexDestruction/Binaries/Win64/UE4Editor-ApexDestructionEditor.dll (API version 3944462).
LogModuleManager: Display: Found up-to-date module file ../../../Engine/Plugins/2D/Paper2D/Binaries/Win64/UE4Editor-Paper2D.dll (API version 3944462).
LogModuleManager: Display: Found up-to-date module file ../../../Engine/Plugins/2D/Paper2D/Binaries/Win64/UE4Editor-Paper2DEditor.dll (API version 3944462).
LogModuleManager: Display: Found up-to-date module file ../../../Engine/Plugins/2D/Paper2D/Binaries/Win64/UE4Editor-PaperSpriteSheetImporter.dll (API version 3944462).
LogModuleManager: Display: Found up-to-date module file ../../../Engine/Plugins/2D/Paper2D/Binaries/Win64/UE4Editor-PaperTiledImporter.dll (API version 3944462).
LogModuleManager: Display: Found up-to-date module file ../../../Engine/Plugins/2D/Paper2D/Binaries/Win64/UE4Editor-SmartSnapping.dll (API version 3944462).
LogModuleManager: Display: Found up-to-date module file ../../../Engine/Plugins/Blendables/LightPropagationVolume/Binaries/Win64/UE4Editor-LightPropagationVolumeRuntime.dll (API version 3944462).
LogModuleManager: Display: Found up-to-date module file ../../../Engine/Plugins/Blendables/LightPropagationVolume/Binaries/Win64/UE4Editor-LightPropagationVolumeEditor.dll (API version 3944462).
LogModuleManager: Display: Found up-to-date module file ../../../Engine/Plugins/Developer/CLionSourceCodeAccess/Binaries/Win64/UE4Editor-CLionSourceCodeAccess.dll (API version 3944462).
LogModuleManager: Display: Found up-to-date module file ../../../Engine/Plugins/Developer/GitSourceControl/Binaries/Win64/UE4Editor-GitSourceControl.dll (API version 3944462).
LogModuleManager: Display: Found up-to-date module file ../../../Engine/Plugins/Developer/PerforceSourceControl/Binaries/Win64/UE4Editor-PerforceSourceControl.dll (API version 3944462).
LogModuleManager: Display: Found up-to-date module file ../../../Engine/Plugins/Developer/SubversionSourceControl/Binaries/Win64/UE4Editor-SubversionSourceControl.dll (API version 3944462).
LogModuleManager: Display: Found up-to-date module file ../../../Engine/Plugins/Developer/UObjectPlugin/Binaries/Win64/UE4Editor-UObjectPlugin.dll (API version 3944462).
LogModuleManager: Display: Found up-to-date module file ../../../Engine/Plugins/Developer/VisualStudioCodeSourceCodeAccess/Binaries/Win64/UE4Editor-VisualStudioCodeSourceCodeAccess.dll (API version 3944462).
LogModuleManager: Display: Found up-to-date module file ../../../Engine/Plugins/Developer/VisualStudioSourceCodeAccess/Binaries/Win64/UE4Editor-VisualStudioSourceCodeAccess.dll (API version 3944462).
LogModuleManager: Display: Found up-to-date module file ../../../Engine/Plugins/Editor/AssetManagerEditor/Binaries/Win64/UE4Editor-AssetManagerEditor.dll (API version 3944462).
LogModuleManager: Display: Found up-to-date module file ../../../Engine/Plugins/Editor/CryptoKeys/Binaries/Win64/UE4Editor-CryptoKeys.dll (API version 3944462).
LogModuleManager: Display: Found up-to-date module file ../../../Engine/Plugins/Editor/CryptoKeys/Binaries/Win64/UE4Editor-CryptoKeysOpenSSL.dll (API version 3944462).
LogModuleManager: Display: Found up-to-date module file ../../../Engine/Plugins/Editor/DataValidation/Binaries/Win64/UE4Editor-DataValidation.dll (API version 3944462).
LogModuleManager: Display: Found up-to-date module file ../../../Engine/Plugins/Editor/FacialAnimation/Binaries/Win64/UE4Editor-FacialAnimation.dll (API version 3944462).
LogModuleManager: Display: Found up-to-date module file ../../../Engine/Plugins/Editor/FacialAnimation/Binaries/Win64/UE4Editor-FacialAnimationEditor.dll (API version 3944462).
LogModuleManager: Display: Found up-to-date module file ../../../Engine/Plugins/Editor/GameplayTagsEditor/Binaries/Win64/UE4Editor-GameplayTagsEditor.dll (API version 3944462).
LogModuleManager: Display: Found up-to-date module file ../../../Engine/Plugins/Editor/MobileLauncherProfileWizard/Binaries/Win64/UE4Editor-MobileLauncherProfileWizard.dll (API version 3944462).
LogModuleManager: Display: Found up-to-date module file ../../../Engine/Plugins/Editor/PluginBrowser/Binaries/Win64/UE4Editor-PluginBrowser.dll (API version 3944462).
LogModuleManager: Display: Found up-to-date module file ../../../Engine/Plugins/Editor/SpeedTreeImporter/Binaries/Win64/UE4Editor-SpeedTreeImporter.dll (API version 3944462).
LogModuleManager: Display: Found up-to-date module file ../../../Engine/Plugins/Enterprise/DatasmithContent/Binaries/Win64/UE4Editor-DatasmithContent.dll (API version 3944462).
LogModuleManager: Display: Found up-to-date module file ../../../Engine/Plugins/Experimental/AlembicImporter/Binaries/Win64/UE4Editor-AlembicImporter.dll (API version 3944462).
LogModuleManager: Display: Found up-to-date module file ../../../Engine/Plugins/Experimental/AlembicImporter/Binaries/Win64/UE4Editor-AlembicLibrary.dll (API version 3944462).
LogModuleManager: Display: Found up-to-date module file ../../../Engine/Plugins/Experimental/CharacterAI/Binaries/Win64/UE4Editor-CharacterAI.dll (API version 3944462).
LogModuleManager: Display: Found up-to-date module file ../../../Engine/Plugins/Experimental/HTML5Networking/Binaries/Win64/UE4Editor-HTML5Networking.dll (API version 3944462).
LogModuleManager: Display: Found up-to-date module file ../../../Engine/Plugins/Media/AndroidMedia/Binaries/Win64/UE4Editor-AndroidMediaEditor.dll (API version 3944462).
LogModuleManager: Display: Found up-to-date module file ../../../Engine/Plugins/Media/AndroidMedia/Binaries/Win64/UE4Editor-AndroidMediaFactory.dll (API version 3944462).
LogModuleManager: Display: Found up-to-date module file ../../../Engine/Plugins/Media/AvfMedia/Binaries/Win64/UE4Editor-AvfMediaEditor.dll (API version 3944462).
LogModuleManager: Display: Found up-to-date module file ../../../Engine/Plugins/Media/AvfMedia/Binaries/Win64/UE4Editor-AvfMediaFactory.dll (API version 3944462).
LogModuleManager: Display: Found up-to-date module file ../../../Engine/Plugins/Media/AvfMedia/Binaries/Win64/UE4Editor-AvfMediaFactory.dll (API version 3944462).
LogModuleManager: Display: Found up-to-date module file ../../../Engine/Plugins/Media/ImgMedia/Binaries/Win64/UE4Editor-ImgMedia.dll (API version 3944462).
LogModuleManager: Display: Found up-to-date module file ../../../Engine/Plugins/Media/ImgMedia/Binaries/Win64/UE4Editor-ImgMediaEditor.dll (API version 3944462).
LogModuleManager: Display: Found up-to-date module file ../../../Engine/Plugins/Media/ImgMedia/Binaries/Win64/UE4Editor-ImgMediaFactory.dll (API version 3944462).
LogModuleManager: Display: Found up-to-date module file ../../../Engine/Plugins/Media/ImgMedia/Binaries/Win64/UE4Editor-ImgMediaFactory.dll (API version 3944462).
LogModuleManager: Display: Found up-to-date module file ../../../Engine/Plugins/Media/ImgMedia/Binaries/Win64/UE4Editor-OpenExrWrapper.dll (API version 3944462).
LogModuleManager: Display: Found up-to-date module file ../../../Engine/Plugins/Media/LinearTimecode/Binaries/Win64/UE4Editor-LinearTimecode.dll (API version 3944462).
LogModuleManager: Display: Found up-to-date module file ../../../Engine/Plugins/Media/MediaCompositing/Binaries/Win64/UE4Editor-MediaCompositing.dll (API version 3944462).
LogModuleManager: Display: Found up-to-date module file ../../../Engine/Plugins/Media/MediaCompositing/Binaries/Win64/UE4Editor-MediaCompositingEditor.dll (API version 3944462).
LogModuleManager: Display: Found up-to-date module file ../../../Engine/Plugins/Media/MediaPlayerEditor/Binaries/Win64/UE4Editor-MediaPlayerEditor.dll (API version 3944462).
LogModuleManager: Display: Found up-to-date module file ../../../Engine/Plugins/Media/WmfMedia/Binaries/Win64/UE4Editor-WmfMedia.dll (API version 3944462).
LogModuleManager: Display: Found up-to-date module file ../../../Engine/Plugins/Media/WmfMedia/Binaries/Win64/UE4Editor-WmfMediaEditor.dll (API version 3944462).
LogModuleManager: Display: Found up-to-date module file ../../../Engine/Plugins/Media/WmfMedia/Binaries/Win64/UE4Editor-WmfMediaFactory.dll (API version 3944462).
LogModuleManager: Display: Found up-to-date module file ../../../Engine/Plugins/Media/WmfMedia/Binaries/Win64/UE4Editor-WmfMediaFactory.dll (API version 3944462).
LogModuleManager: Display: Found up-to-date module file ../../../Engine/Plugins/Messaging/TcpMessaging/Binaries/Win64/UE4Editor-TcpMessaging.dll (API version 3944462).
LogModuleManager: Display: Found up-to-date module file ../../../Engine/Plugins/Messaging/UdpMessaging/Binaries/Win64/UE4Editor-UdpMessaging.dll (API version 3944462).
LogModuleManager: Display: Found up-to-date module file ../../../Engine/Plugins/MovieScene/ActorSequence/Binaries/Win64/UE4Editor-ActorSequence.dll (API version 3944462).
LogModuleManager: Display: Found up-to-date module file ../../../Engine/Plugins/MovieScene/LevelSequenceEditor/Binaries/Win64/UE4Editor-LevelSequenceEditor.dll (API version 3944462).
LogModuleManager: Display: Found up-to-date module file ../../../Engine/Plugins/MovieScene/MatineeToLevelSequence/Binaries/Win64/UE4Editor-MatineeToLevelSequence.dll (API version 3944462).
LogModuleManager: Display: Found up-to-date module file ../../../Engine/Plugins/NetcodeUnitTest/NetcodeUnitTest/Binaries/Win64/UE4Editor-NetcodeUnitTest.dll (API version 3944462).
LogModuleManager: Display: Found up-to-date module file ../../../Engine/Plugins/NetcodeUnitTest/NUTUnrealEngine4/Binaries/Win64/UE4Editor-NUTUnrealEngine4.dll (API version 3944462).
LogModuleManager: Display: Found up-to-date module file ../../../Engine/Plugins/Online/OnlineSubsystem/Binaries/Win64/UE4Editor-OnlineSubsystem.dll (API version 3944462).
LogModuleManager: Display: Found up-to-date module file ../../../Engine/Plugins/Runtime/AndroidPermission/Binaries/Win64/UE4Editor-AndroidPermission.dll (API version 3944462).
LogModuleManager: Display: Found up-to-date module file ../../../Engine/Plugins/Online/OnlineSubsystemNull/Binaries/Win64/UE4Editor-OnlineSubsystemNull.dll (API version 3944462).
LogModuleManager: Display: Found up-to-date module file ../../../Engine/Plugins/Online/OnlineSubsystemUtils/Binaries/Win64/UE4Editor-OnlineSubsystemUtils.dll (API version 3944462).
LogModuleManager: Display: Found up-to-date module file ../../../Engine/Plugins/Online/OnlineSubsystemUtils/Binaries/Win64/UE4Editor-OnlineBlueprintSupport.dll (API version 3944462).
LogModuleManager: Display: Found up-to-date module file ../../../Engine/Plugins/Runtime/AndroidDeviceProfileSelector/Binaries/Win64/UE4Editor-AndroidDeviceProfileSelector.dll (API version 3944462).
LogModuleManager: Display: Found up-to-date module file ../../../Engine/Plugins/Runtime/AppleARKit/Binaries/Win64/UE4Editor-AppleARKit.dll (API version 3944462).
LogModuleManager: Display: Found up-to-date module file ../../../Engine/Plugins/Runtime/ProceduralMeshComponent/Binaries/Win64/UE4Editor-ProceduralMeshComponent.dll (API version 3944462).
LogModuleManager: Display: Found up-to-date module file ../../../Engine/Plugins/Runtime/ProceduralMeshComponent/Binaries/Win64/UE4Editor-ProceduralMeshComponentEditor.dll (API version 3944462).
LogModuleManager: Display: Found up-to-date module file ../../../Engine/Plugins/Animation/LiveLink/Binaries/Win64/UE4Editor-LiveLink.dll (API version 3944462).
LogModuleManager: Display: Found up-to-date module file ../../../Engine/Plugins/Animation/LiveLink/Binaries/Win64/UE4Editor-LiveLinkEditor.dll (API version 3944462).
LogModuleManager: Display: Found up-to-date module file ../../../Engine/Plugins/Runtime/ArchVisCharacter/Binaries/Win64/UE4Editor-ArchVisCharacter.dll (API version 3944462).
LogModuleManager: Display: Found up-to-date module file ../../../Engine/Plugins/Runtime/AudioCapture/Binaries/Win64/UE4Editor-AudioCapture.dll (API version 3944462).
LogModuleManager: Display: Found up-to-date module file ../../../Engine/Plugins/Runtime/AudioCapture/Binaries/Win64/UE4Editor-AudioCaptureEditor.dll (API version 3944462).
LogModuleManager: Display: Found up-to-date module file ../../../Engine/Plugins/Runtime/CableComponent/Binaries/Win64/UE4Editor-CableComponent.dll (API version 3944462).
LogModuleManager: Display: Found up-to-date module file ../../../Engine/Plugins/Runtime/CustomMeshComponent/Binaries/Win64/UE4Editor-CustomMeshComponent.dll (API version 3944462).
LogModuleManager: Display: Found up-to-date module file ../../../Engine/Plugins/Runtime/ExampleDeviceProfileSelector/Binaries/Win64/UE4Editor-ExampleDeviceProfileSelector.dll (API version 3944462).
LogModuleManager: Display: Found up-to-date module file ../../../Engine/Plugins/Runtime/ImmediatePhysics/Binaries/Win64/UE4Editor-ImmediatePhysics.dll (API version 3944462).
LogModuleManager: Display: Found up-to-date module file ../../../Engine/Plugins/Runtime/ImmediatePhysics/Binaries/Win64/UE4Editor-ImmediatePhysicsEditor.dll (API version 3944462).
LogModuleManager: Display: Found up-to-date module file ../../../Engine/Plugins/Runtime/LocationServicesBPLibrary/Binaries/Win64/UE4Editor-LocationServicesBPLibrary.dll (API version 3944462).
LogModuleManager: Display: Found up-to-date module file ../../../Engine/Plugins/Runtime/MobilePatchingUtils/Binaries/Win64/UE4Editor-MobilePatchingUtils.dll (API version 3944462).
LogModuleManager: Display: Found up-to-date module file ../../../Engine/Plugins/Runtime/Oculus/OculusVR/Binaries/Win64/UE4Editor-OculusHMD.dll (API version 3944462).
LogModuleManager: Display: Found up-to-date module file ../../../Engine/Plugins/Runtime/Oculus/OculusVR/Binaries/Win64/UE4Editor-OculusInput.dll (API version 3944462).
LogModuleManager: Display: Found up-to-date module file ../../../Engine/Plugins/Runtime/Oculus/OculusVR/Binaries/Win64/UE4Editor-OculusEditor.dll (API version 3944462).
LogModuleManager: Display: Found up-to-date module file ../../../Engine/Plugins/Runtime/PhysXVehicles/Binaries/Win64/UE4Editor-PhysXVehicles.dll (API version 3944462).
LogModuleManager: Display: Found up-to-date module file ../../../Engine/Plugins/Runtime/PhysXVehicles/Binaries/Win64/UE4Editor-PhysXVehiclesEditor.dll (API version 3944462).
LogModuleManager: Display: Found up-to-date module file ../../../Engine/Plugins/Runtime/RuntimePhysXCooking/Binaries/Win64/UE4Editor-RuntimePhysXCooking.dll (API version 3944462).
LogModuleManager: Display: Found up-to-date module file ../../../Engine/Plugins/Runtime/Steam/SteamVR/Binaries/Win64/UE4Editor-SteamVR.dll (API version 3944462).
LogModuleManager: Display: Found up-to-date module file ../../../Engine/Plugins/Runtime/Steam/SteamVR/Binaries/Win64/UE4Editor-SteamVRController.dll (API version 3944462).
LogModuleManager: Display: Found up-to-date module file ../../../Engine/Plugins/Runtime/WindowsMoviePlayer/Binaries/Win64/UE4Editor-WindowsMoviePlayer.dll (API version 3944462).
LogPluginManager: Mounting plugin Paper2D
LogPluginManager: Mounting plugin LiveLink
LogPluginManager: Mounting plugin LightPropagationVolume
LogPluginManager: Mounting plugin CLionSourceCodeAccess
LogPluginManager: Mounting plugin CodeLiteSourceCodeAccess
LogPluginManager: Mounting plugin GitSourceControl
LogPluginManager: Mounting plugin KDevelopSourceCodeAccess
LogPluginManager: Mounting plugin NullSourceCodeAccess
LogPluginManager: Mounting plugin PerforceSourceControl
LogPluginManager: Mounting plugin SubversionSourceControl
LogPluginManager: Mounting plugin UObjectPlugin
LogPluginManager: Mounting plugin VisualStudioCodeSourceCodeAccess
LogPluginManager: Mounting plugin VisualStudioSourceCodeAccess
LogPluginManager: Mounting plugin XCodeSourceCodeAccess
LogPluginManager: Mounting plugin AssetManagerEditor
LogPluginManager: Mounting plugin CryptoKeys
LogPluginManager: Mounting plugin DataValidation
LogPluginManager: Mounting plugin FacialAnimation
LogPluginManager: Mounting plugin GameplayTagsEditor
LogPluginManager: Mounting plugin MobileLauncherProfileWizard
LogPluginManager: Mounting plugin PluginBrowser
LogPluginManager: Mounting plugin SpeedTreeImporter
LogPluginManager: Mounting plugin DatasmithContent
LogPluginManager: Mounting plugin AlembicImporter
LogPluginManager: Mounting plugin CharacterAI
LogPluginManager: Mounting plugin HTML5Networking
LogPluginManager: Mounting plugin AndroidMedia
LogPluginManager: Mounting plugin AvfMedia
LogPluginManager: Mounting plugin ImgMedia
LogPluginManager: Mounting plugin LinearTimecode
LogPluginManager: Mounting plugin MediaCompositing
LogPluginManager: Mounting plugin MediaPlayerEditor
LogPluginManager: Mounting plugin WmfMedia
LogPluginManager: Mounting plugin TcpMessaging
LogPluginManager: Mounting plugin UdpMessaging
LogPluginManager: Mounting plugin ActorSequence
LogPluginManager: Mounting plugin LevelSequenceEditor
LogPluginManager: Mounting plugin MatineeToLevelSequence
LogPluginManager: Mounting plugin NetcodeUnitTest
LogPluginManager: Mounting plugin NUTUnrealEngine4
LogPluginManager: Mounting plugin OnlineSubsystemGooglePlay
LogPluginManager: Mounting plugin OnlineSubsystemIOS
LogPluginManager: Mounting plugin OnlineSubsystem
LogPluginManager: Mounting plugin OnlineSubsystemNull
LogPluginManager: Mounting plugin OnlineSubsystemUtils
LogPluginManager: Mounting plugin AndroidDeviceProfileSelector
LogPluginManager: Mounting plugin AndroidMoviePlayer
LogPluginManager: Mounting plugin AndroidPermission
LogPluginManager: Mounting plugin ApexDestruction
LogPluginManager: Mounting plugin AppleARKit
LogPluginManager: Mounting plugin AppleMoviePlayer
LogPluginManager: Mounting plugin ArchVisCharacter
LogPluginManager: Mounting plugin AudioCapture
LogPluginManager: Mounting plugin CableComponent
LogPluginManager: Mounting plugin CustomMeshComponent
LogPluginManager: Mounting plugin ExampleDeviceProfileSelector
LogPluginManager: Mounting plugin GoogleCloudMessaging
LogPluginManager: Mounting plugin ImmediatePhysics
LogPluginManager: Mounting plugin IOSDeviceProfileSelector
LogPluginManager: Mounting plugin LinuxDeviceProfileSelector
LogPluginManager: Mounting plugin LocationServicesBPLibrary
LogPluginManager: Mounting plugin MobilePatchingUtils
LogPluginManager: Mounting plugin OculusVR
LogPluginManager: Plugin shader directory ../../../Engine/Plugins/Runtime/Oculus/OculusVR/Shaders found
LogPluginManager: Mapping shader source directory ../../../Engine/Plugins/Runtime/Oculus/OculusVR/Shaders to virtual directory /Plugin/OculusVR
LogPluginManager: Mounting plugin PhysXVehicles
LogPluginManager: Mounting plugin ProceduralMeshComponent
LogPluginManager: Mounting plugin RuntimePhysXCooking
LogPluginManager: Mounting plugin SteamVR
LogPluginManager: Mounting plugin WindowsMoviePlayer
LogStreaming: Display: Took  2.290s to configure plugins.
LogInit: Using libcurl 7.47.1
LogInit:  - built for x86_64-pc-win32
LogInit:  - supports SSL with OpenSSL/1.0.2g
LogInit:  - supports HTTP deflate (compression) using libz 1.2.8
LogInit:  - other features:
LogInit:      CURL_VERSION_SSL
LogInit:      CURL_VERSION_LIBZ
LogInit:      CURL_VERSION_IPV6
LogInit:      CURL_VERSION_ASYNCHDNS
LogInit:      CURL_VERSION_LARGEFILE
LogInit:      CURL_VERSION_IDN
LogInit:  CurlRequestOptions (configurable via config and command line):
LogInit:  - bVerifyPeer = false  - Libcurl will NOT verify peer certificate
LogInit:  - bUseHttpProxy = false  - Libcurl will NOT use HTTP proxy
LogInit:  - bDontReuseConnections = false  - Libcurl will reuse connections
LogInit:  - CertBundlePath = nullptr  - Libcurl will use whatever was configured at build time.
LogInit:  - MaxHostConnections = 16  - Libcurl will limit the number of connections to a host
LogInit:  - LocalHostAddr = Default
LogInit: WinSock: version 1.1 (2.2), MaxSocks=32767, MaxUdp=65467
LogInit: WinSock: I am TU39429 (152.105.219.31:0)
LogInit: Build: ++UE4+Release-4.19-CL-4033788
LogInit: Engine Version: 4.19.2-4033788+++UE4+Release-4.19
LogInit: Compatible Engine Version: 4.19.0-3944462+++UE4+Release-4.19
LogInit: Net CL: 3944462
LogDevObjectVersion: Number of dev versions registered: 18
LogDevObjectVersion:   Dev-Blueprints (B0D832E4-1F89-4F0D-ACCF-7EB736FD4AA2): 10
LogDevObjectVersion:   Dev-Build (E1C64328-A22C-4D53-A36C-8E866417BD8C): 0
LogDevObjectVersion:   Dev-Core (375EC13C-06E4-48FB-B500-84F0262A717E): 2
LogDevObjectVersion:   Dev-Editor (E4B068ED-F494-42E9-A231-DA0B2E46BB41): 23
LogDevObjectVersion:   Dev-Framework (CFFC743F-43B0-4480-9391-14DF171D2073): 33
LogDevObjectVersion:   Dev-Mobile (B02B49B5-BB20-44E9-A304-32B752E40360): 2
LogDevObjectVersion:   Dev-Networking (A4E4105C-59A1-49B5-A7C5-40C4547EDFEE): 0
LogDevObjectVersion:   Dev-Online (39C831C9-5AE6-47DC-9A44-9C173E1C8E7C): 0
LogDevObjectVersion:   Dev-Physics (78F01B33-EBEA-4F98-B9B4-84EACCB95AA2): 0
LogDevObjectVersion:   Dev-Platform (6631380F-2D4D-43E0-8009-CF276956A95A): 0
LogDevObjectVersion:   Dev-Rendering (12F88B9F-8875-4AFC-A67C-D90C383ABD29): 25
LogDevObjectVersion:   Dev-Sequencer (7B5AE74C-D270-4C10-A958-57980B212A5A): 6
LogDevObjectVersion:   Dev-VR (D7296918-1DD6-4BDD-9DE2-64A83CC13884): 1
LogDevObjectVersion:   Dev-LoadTimes (C2A15278-BFE7-4AFE-6C17-90FF531DF755): 1
LogDevObjectVersion:   Private-Geometry (6EACA3D4-40EC-4CC1-B786-8BED09428FC5): 2
LogDevObjectVersion:   Dev-AnimPhys (29E575DD-E0A3-4627-9D10-D276232CDCEA): 16
LogDevObjectVersion:   Dev-ReflectionCapture (6B266CEC-1EC7-4B8F-A30B-E4D90942FC07): 1
LogDevObjectVersion:   Dev-Automation (0DF73D61-A23F-47EA-B727-89E90C41499A): 1
LogInit: Compiled (64-bit): Apr 27 2018 02:06:57
LogInit: Compiled with Visual C++: 19.00.24215.01
LogInit: Build Configuration: Development
LogInit: Branch Name: ++UE4+Release-4.19
LogInit: Command Line: 
LogInit: Base Directory: C:/Program Files/Epic Games/UE_4.19/Engine/Binaries/Win64/
LogInit: Installed Engine Build: 1
LogStreaming: Display: Took  0.010s to delete old logs.
LogInit: Presizing for max 8388607 objects, including 0 objects not considered by GC, pre-allocating 0 bytes for permanent pool.
LogInit: Object subsystem initialized
[2020.02.28-13.56.24:837][  0]LogInit: Selected Device Profile: [Windows]
[2020.02.28-13.56.24:837][  0]LogInit: Applying CVar settings loaded from the selected device profile: [Windows]
[2020.02.28-13.56.24:919][  0]LogInit: Computer: TU39429
[2020.02.28-13.56.24:919][  0]LogInit: User: v8027550
[2020.02.28-13.56.24:919][  0]LogInit: CPU Page size=4096, Cores=6
[2020.02.28-13.56.24:919][  0]LogInit: High frequency timer resolution =10.000000 MHz
[2020.02.28-13.56.24:920][  0]LogMemory: Memory total: Physical=31.7GB (32GB approx)
[2020.02.28-13.56.24:920][  0]LogMemory: Platform Memory Stats for Windows
[2020.02.28-13.56.24:920][  0]LogMemory: Process Physical Memory: 277.16 MB used, 277.16 MB peak
[2020.02.28-13.56.24:920][  0]LogMemory: Process Virtual Memory: 273.81 MB used, 273.81 MB peak
[2020.02.28-13.56.24:920][  0]LogMemory: Physical Memory: 6684.65 MB used,  25801.26 MB free, 32485.91 MB total
[2020.02.28-13.56.24:920][  0]LogMemory: Virtual Memory: 4817.48 MB used,  25801.26 MB free, 134217728.00 MB total
[2020.02.28-13.56.25:254][  0]LogInit: Using OS detected language (en-GB).
[2020.02.28-13.56.25:254][  0]LogInit: Using OS detected locale (en-GB).
[2020.02.28-13.56.25:335][  0]LogTextLocalizationManager: No specific localization for 'en-GB' exists, so the 'en' localization will be used.
[2020.02.28-13.56.25:929][  0]LogStreaming: Display: Took  0.675s to EndInitTextLocalization.
[2020.02.28-13.56.25:931][  0]LogInit: Setting process to per monitor DPI aware
[2020.02.28-13.56.26:085][  0]LogSlate: New Slate User Created.  User Index 0, Is Virtual User: 0
[2020.02.28-13.56.26:085][  0]LogSlate: Slate User Registered.  User Index 0, Is Virtual User: 0
[2020.02.28-13.56.28:808][  0]LogD3D11RHI: D3D11 adapters:
[2020.02.28-13.56.28:931][  0]LogD3D11RHI:    0. 'NVIDIA GeForce RTX 2080' (Feature Level 11_0)
[2020.02.28-13.56.28:931][  0]LogD3D11RHI:       8010/0/16242 MB DedicatedVideo/DedicatedSystem/SharedSystem, Outputs:2, VendorId:0x10de
[2020.02.28-13.56.28:934][  0]LogD3D11RHI:    1. 'Microsoft Basic Render Driver' (Feature Level 11_0)
[2020.02.28-13.56.28:934][  0]LogD3D11RHI:       0/0/16242 MB DedicatedVideo/DedicatedSystem/SharedSystem, Outputs:0, VendorId:0x1414
[2020.02.28-13.56.28:934][  0]LogD3D11RHI: Chosen D3D11 Adapter: 0
[2020.02.28-13.56.28:942][  0]LogD3D11RHI: Creating new Direct3DDevice
[2020.02.28-13.56.28:943][  0]LogD3D11RHI:     GPU DeviceId: 0x1e82 (for the marketing name, search the web for "GPU Device Id")
[2020.02.28-13.56.28:943][  0]LogWindows: EnumDisplayDevices:
[2020.02.28-13.56.28:943][  0]LogWindows:    0. 'NVIDIA GeForce RTX 2080' (P:0 D:1)
[2020.02.28-13.56.28:944][  0]LogWindows:    1. 'NVIDIA GeForce RTX 2080' (P:1 D:1)
[2020.02.28-13.56.28:944][  0]LogWindows:    2. 'NVIDIA GeForce RTX 2080' (P:0 D:0)
[2020.02.28-13.56.28:944][  0]LogWindows:    3. 'NVIDIA GeForce RTX 2080' (P:0 D:0)
[2020.02.28-13.56.28:945][  0]LogWindows: DebugString: GetVideoDriverDetailsInvalid PrimaryIsNotTheChoosenAdapter GetVideoDriverDetailsInvalid PrimaryIsNotTheChoosenAdapter GetVideoDriverDetailsInvalid PrimaryIsNotTheChoosenAdapter GetVideoDriverDetailsInvalid PrimaryIsNotTheChoosenAdapter FoundDriverCount:0 
[2020.02.28-13.56.28:945][  0]LogD3D11RHI:     Adapter Name: NVIDIA GeForce RTX 2080
[2020.02.28-13.56.28:945][  0]LogD3D11RHI:   Driver Version: Unknown (internal:Unknown, unified:Unknown)
[2020.02.28-13.56.28:945][  0]LogD3D11RHI:      Driver Date: Unknown
[2020.02.28-13.56.28:945][  0]LogRHI: Texture pool is 5607 MB (70% of 8010 MB)
[2020.02.28-13.56.28:999][  0]LogD3D11RHI: [Aftermath] Aftermath enabled and primed
[2020.02.28-13.56.28:999][  0]LogD3D11RHI: [Aftermath] Aftermath enabled and primed
[2020.02.28-13.56.28:999][  0]LogD3D11RHI: Async texture creation enabled
[2020.02.28-13.56.29:028][  0]LogD3D11RHI: GPU Timing Frequency: 1000.000000 (Debug: 2 1)
[2020.02.28-13.56.29:132][  0]LogShaderCompilers: Guid format shader working directory is -31 characters bigger than the processId version (../../../../../../Users/v8027550/Documents/GitHub/Alien1916Repo/Alien1916MASTER/Intermediate/Shaders/WorkingDirectory/14300/).
[2020.02.28-13.56.29:133][  0]LogShaderCompilers: Cleaned the shader compiler working directory 'C:/Users/v8027550/AppData/Local/Temp/UnrealShaderWorkingDir/E5007DCA499877BDC8BE1C8477ED15CD/'.
[2020.02.28-13.56.29:511][  0]LogTemp: Display: Loaded TP AllDesktopTargetPlatform
[2020.02.28-13.56.29:525][  0]LogTemp: Display: Loaded TP MacClientTargetPlatform
[2020.02.28-13.56.29:538][  0]LogTemp: Display: Loaded TP MacNoEditorTargetPlatform
[2020.02.28-13.56.29:553][  0]LogTemp: Display: Loaded TP MacServerTargetPlatform
[2020.02.28-13.56.29:578][  0]LogTemp: Display: Loaded TP MacTargetPlatform
[2020.02.28-13.56.29:592][  0]LogTemp: Display: Loaded TP WindowsClientTargetPlatform
[2020.02.28-13.56.29:606][  0]LogTemp: Display: Loaded TP WindowsNoEditorTargetPlatform
[2020.02.28-13.56.29:619][  0]LogTemp: Display: Loaded TP WindowsServerTargetPlatform
[2020.02.28-13.56.29:627][  0]LogTemp: Display: Loaded TP WindowsTargetPlatform
[2020.02.28-13.56.29:639][  0]LogTemp: Display: Loaded TP Android_ASTCTargetPlatform
[2020.02.28-13.56.29:653][  0]LogTemp: Display: Loaded TP Android_ATCTargetPlatform
[2020.02.28-13.56.29:665][  0]LogTemp: Display: Loaded TP Android_DXTTargetPlatform
[2020.02.28-13.56.29:679][  0]LogTemp: Display: Loaded TP Android_ETC1aTargetPlatform
[2020.02.28-13.56.29:691][  0]LogTemp: Display: Loaded TP Android_ETC1TargetPlatform
[2020.02.28-13.56.29:704][  0]LogTemp: Display: Loaded TP Android_ETC2TargetPlatform
[2020.02.28-13.56.29:730][  0]LogTemp: Display: Loaded TP Android_MultiTargetPlatform
[2020.02.28-13.56.29:730][  0]LogTemp: Display: Loaded TP Android_PVRTCTargetPlatform
[2020.02.28-13.56.29:754][  0]LogTemp: Display: Loaded TP AndroidTargetPlatform
[2020.02.28-13.56.29:757][  0]LogTemp: Display: Loaded TP HTML5TargetPlatform
[2020.02.28-13.56.29:814][  0]LogTemp: Display: Loaded TP IOSTargetPlatform
[2020.02.28-13.56.29:842][  0]LogTemp: Display: Loaded TP TVOSTargetPlatform
[2020.02.28-13.56.29:854][  0]LogTemp: Display: Loaded TP LinuxClientTargetPlatform
[2020.02.28-13.56.29:867][  0]LogTemp: Display: Loaded TP LinuxNoEditorTargetPlatform
[2020.02.28-13.56.29:880][  0]LogTemp: Display: Loaded TP LinuxServerTargetPlatform
[2020.02.28-13.56.29:903][  0]LogTemp: Display: Loaded TP LinuxTargetPlatform
[2020.02.28-13.56.29:904][  0]LogTargetPlatformManager: Display: Building Assets For Windows
[2020.02.28-13.56.30:321][  0]LogXGEController: Cannot use XGE Controller as Incredibuild is not installed on this machine.
[2020.02.28-13.56.30:322][  0]LogShaderCompilers: Cannot use XGE Shader Compiler as Incredibuild is not installed on this machine.
[2020.02.28-13.56.30:322][  0]LogShaderCompilers: Display: Using Local Shader Compiler.
[2020.02.28-13.56.32:520][  0]LogDerivedDataCache: Display: Max Cache Size: 512 MB
[2020.02.28-13.56.32:521][  0]LogDerivedDataCache: Display: Starting with empty Boot cache
[2020.02.28-13.56.32:521][  0]LogDerivedDataCache: FDerivedDataBackendGraph:  Pak pak cache file ../../../../../../Users/v8027550/Documents/GitHub/Alien1916Repo/Alien1916MASTER/DerivedDataCache/DDC.ddp not found, will not use a pak cache.
[2020.02.28-13.56.32:521][  0]LogDerivedDataCache: Unable to find inner node Pak for hierarchical cache Hierarchy.
[2020.02.28-13.56.32:521][  0]LogDerivedDataCache: FDerivedDataBackendGraph:  CompressedPak pak cache file ../../../../../../Users/v8027550/Documents/GitHub/Alien1916Repo/Alien1916MASTER/DerivedDataCache/Compressed.ddp not found, will not use a pak cache.
[2020.02.28-13.56.32:521][  0]LogDerivedDataCache: Unable to find inner node CompressedPak for hierarchical cache Hierarchy.
[2020.02.28-13.56.32:578][  0]LogDerivedDataCache: Display: Pak cache opened for reading ../../../Engine/DerivedDataCache/Compressed.ddp.
[2020.02.28-13.56.32:592][  0]LogDerivedDataCache: Using Local data cache path C:/Users/v8027550/AppData/Local/UnrealEngine/Common/DerivedDataCache: Writable
[2020.02.28-13.56.32:592][  0]LogDerivedDataCache: Shared data cache path not found in *engine.ini, will not use an Shared cache.
[2020.02.28-13.56.32:592][  0]LogDerivedDataCache: Unable to find inner node Shared for hierarchical cache Hierarchy.
[2020.02.28-13.56.32:648][  0]LogMaterial: Verifying Global Shaders for PCD3D_SM5
[2020.02.28-13.56.32:654][  0]LogSlate: Using Freetype 2.6.0
[2020.02.28-13.56.32:681][  0]LogSlate: SlateFontCache - WITH_FREETYPE: 1, WITH_HARFBUZZ: 1
[2020.02.28-13.56.32:681][  0]LogSlate: SlateFontCache - WITH_FREETYPE: 1, WITH_HARFBUZZ: 1
[2020.02.28-13.56.33:480][  0]LogAssetRegistry: FAssetRegistry took 0.0297 seconds to start up
[2020.02.28-13.56.33:978][  0]LogInit: Selected Device Profile: [Windows]
[2020.02.28-13.56.34:513][  0]LogSimplygon: Simplygon DLL not present - disabling.
[2020.02.28-13.56.34:520][  0]LogMeshReduction: Using SimplygonSwarm for distributed automatic mesh merging
[2020.02.28-13.56.34:521][  0]LogMeshReduction: Using QuadricMeshReduction for automatic static mesh reduction
[2020.02.28-13.56.34:521][  0]LogMeshReduction: No automatic skeletal mesh reduction module available
[2020.02.28-13.56.34:521][  0]LogMeshReduction: No automatic mesh merging module available
[2020.02.28-13.56.34:521][  0]LogMeshMerging: No automatic mesh merging module available
[2020.02.28-13.56.34:637][  0]LogNetVersion: Alien1916MASTER , NetCL: 3944462, EngineNetVer: 2, GameNetVer: 0 (Checksum: 1357824305)
[2020.02.28-13.56.36:410][  0]LogPackageLocalizationCache: Processed 9 localized package path(s) for 2 prioritized culture(s) in 0.138014 seconds
[2020.02.28-13.56.36:417][  0]LogUObjectArray: 36728 objects as part of root set at end of initial load.
[2020.02.28-13.56.36:417][  0]LogUObjectAllocator: 7314312 out of 0 bytes used by permanent object pool.
[2020.02.28-13.56.36:417][  0]LogUObjectArray: CloseDisregardForGC: 0/0 objects in disregard for GC pool
[2020.02.28-13.56.41:847][  0]LogTcpMessaging: Initializing TcpMessaging bridge
[2020.02.28-13.56.41:906][  0]LogUdpMessaging: Initializing bridge on interface 0.0.0.0:0 to multicast group 230.0.0.1:6666.
[2020.02.28-13.56.42:554][  0]SourceControl: Source control is disabled
[2020.02.28-13.56.42:554][  0]SourceControl: Source control is disabled
[2020.02.28-13.56.42:587][  0]SourceControl: Source control is disabled
[2020.02.28-13.56.42:612][  0]SourceControl: Source control is disabled
[2020.02.28-13.56.43:366][  0]LogAndroidPermission: UAndroidPermissionCallbackProxy::GetInstance
[2020.02.28-13.56.43:599][  0]LogOcInput: OculusInput pre-init called
[2020.02.28-13.56.43:774][  0]LogEngine: Initializing Engine...
[2020.02.28-13.56.43:777][  0]LogHMD: Failed to initialize OpenVR with code 110
[2020.02.28-13.56.43:780][  0]LogStats: UGameplayTagsManager::ConstructGameplayTagTree: Construct from data asset -  0.000 s
[2020.02.28-13.56.43:780][  0]LogStats: UGameplayTagsManager::ConstructGameplayTagTree: GameplayTagTreeChangedEvent.Broadcast -  0.000 s
[2020.02.28-13.56.44:322][  0]LogAIModule: Creating AISystem for world Untitled
[2020.02.28-13.56.44:348][  0]LogInit: XAudio2 using 'Speakers (Realtek High Definition Audio)' : 2 channels at 48 kHz using 32 bits per sample (channel mask 0x3)
[2020.02.28-13.56.44:412][  0]LogInit: FAudioDevice initialized.
[2020.02.28-13.56.44:486][  0]LogDerivedDataCache: Saved boot cache 0.07s 74MB C:/Users/v8027550/AppData/Local/UnrealEngine/4.19/DerivedDataCache/Boot.ddc.
[2020.02.28-13.56.44:522][  0]LogInit: Texture streaming: Enabled
[2020.02.28-13.56.44:550][  0]LogEngineSessionManager: EngineSessionManager initialized
[2020.02.28-13.56.44:585][  0]LogInit: Transaction tracking system initialized
[2020.02.28-13.56.44:651][  0]BlueprintLog: New page: Editor Load
[2020.02.28-13.56.44:904][  0]LocalizationService: Localization service is disabled
[2020.02.28-13.56.45:098][  0]LogConsoleResponse: Display: 
[2020.02.28-13.56.45:363][  0]LogCook: Display: Max memory allowance for cook 16384mb min free memory 0mb
[2020.02.28-13.56.45:364][  0]LogCook: Display: Mobile HDR setting 1
[2020.02.28-13.56.45:364][  0]LogGameplayTags: Display: UGameplayTagsManager::DoneAddingNativeTags. DelegateIsBound: 0
[2020.02.28-13.56.45:364][  0]LogStats: UGameplayTagsManager::ConstructGameplayTagTree: Construct from data asset -  0.000 s
[2020.02.28-13.56.45:364][  0]LogStats: UGameplayTagsManager::ConstructGameplayTagTree: GameplayTagTreeChangedEvent.Broadcast -  0.000 s
[2020.02.28-13.56.45:687][  0]LogFileCache: Scanning file cache for directory 'C:/Users/v8027550/Documents/GitHub/Alien1916Repo/Alien1916MASTER/Content/' took 0.03s
[2020.02.28-13.56.46:040][  0]SourceControl: Source control is disabled
[2020.02.28-13.56.46:118][  0]LogSlate: Took 0.014339 seconds to synchronously load lazily loaded font '../../../Engine/Content/Slate/Fonts/Roboto-Regular.ttf' (155K)
[2020.02.28-13.56.51:353][  0]LogSlate: Window 'Message' being destroyed
[2020.02.28-13.56.51:355][  0]LogWindowsTextInputMethodSystem: Display: IME system now deactivated.
[2020.02.28-13.56.51:358][  0]LogWindowsTextInputMethodSystem: Display: IME system now deactivated.
[2020.02.28-13.56.51:362][  0]LightingResults: New page: Lighting Build
[2020.02.28-13.56.51:370][  0]MapCheck: New page: Map Check
[2020.02.28-13.56.51:370][  0]LightingResults: New page: Lighting Build
[2020.02.28-13.56.51:386][  0]LogAIModule: Creating AISystem for world Untitled
[2020.02.28-13.56.51:392][  0]LoadErrors: New page: New Map
[2020.02.28-13.56.51:693][  0]LogCollectionManager: Loaded 0 collections in 0.002257 seconds
[2020.02.28-13.56.51:784][  0]LogFileCache: Scanning file cache for directory 'C:/Users/v8027550/Documents/GitHub/Alien1916Repo/Alien1916MASTER/Saved/Collections/' took 0.01s
[2020.02.28-13.56.51:784][  0]LogFileCache: Scanning file cache for directory 'C:/Users/v8027550/Documents/GitHub/Alien1916Repo/Alien1916MASTER/Content/Developers/v8027550/Collections/' took 0.01s
[2020.02.28-13.56.51:784][  0]LogFileCache: Scanning file cache for directory 'C:/Users/v8027550/Documents/GitHub/Alien1916Repo/Alien1916MASTER/Content/Collections/' took 0.01s
[2020.02.28-13.56.51:784][  0]LogCollectionManager: Rebuilt the GUID cache for 0 collections in 0.000001 seconds
[2020.02.28-13.56.51:801][  0]LogContentBrowser: Native class hierarchy populated in 0.0152 seconds. Added 2461 classes and 563 folders.
[2020.02.28-13.56.51:818][  0]LogContentBrowser: Native class hierarchy updated for 'WidgetCarousel' in 0.0004 seconds. Added 0 classes and 0 folders.
[2020.02.28-13.56.52:459][  0]LogContentBrowser: Native class hierarchy updated for 'AddContentDialog' in 0.0006 seconds. Added 0 classes and 0 folders.
[2020.02.28-13.56.52:480][  0]LogContentBrowser: Native class hierarchy updated for 'SceneOutliner' in 0.0006 seconds. Added 1 classes and 2 folders.
[2020.02.28-13.56.52:571][  0]LogSlate: Took 0.010191 seconds to synchronously load lazily loaded font '../../../Engine/Content/Slate/Fonts/Roboto-Bold.ttf' (160K)
[2020.02.28-13.56.52:595][  0]LogSlate: Took 0.013988 seconds to synchronously load lazily loaded font '../../../Engine/Content/Editor/Slate/Fonts/FontAwesome.ttf' (139K)
[2020.02.28-13.56.52:818][  0]LogRenderer: Reallocating scene render targets to support 1208x652 Format 10 NumSamples 1 (Frame:1).
[2020.02.28-13.56.52:998][  0]LogSlate: FSceneViewport::OnFocusLost() reason 2
[2020.02.28-13.56.53:023][  0]LogSlate: Window 'Tutorials' being destroyed
[2020.02.28-13.56.53:063][  0]LogContentBrowser: Native class hierarchy updated for 'HierarchicalLODOutliner' in 0.0003 seconds. Added 0 classes and 0 folders.
[2020.02.28-13.56.53:063][  0]LogLoad: (Engine Initialization) Total time: 35.26 seconds
[2020.02.28-13.56.53:063][  0]LogLoad: (Engine Initialization) Total Blueprint compile time: 0.00 seconds
[2020.02.28-13.56.53:108][  0]LogContentStreaming: Texture pool size now 1000 MB
[2020.02.28-13.56.53:151][  0]LogSlate: Took 0.010087 seconds to synchronously load lazily loaded font '../../../Engine/Content/Slate/Fonts/Roboto-Light.ttf' (167K)
[2020.02.28-13.56.53:195][  1]LogAssetRegistry: Asset discovery search completed in 19.7312 seconds
[2020.02.28-13.56.53:197][  1]LogCollectionManager: Rebuilt the object cache for 0 collections in 0.000000 seconds (found 0 objects)
[2020.02.28-13.56.53:197][  1]LogCollectionManager: Fixed up redirectors for 0 collections in 0.000063 seconds (updated 0 objects)
[2020.02.28-13.56.54:102][ 94]LogSlate: Took 0.000254 seconds to synchronously load lazily loaded font '../../../Engine/Content/Slate/Fonts/Roboto-Light.ttf' (167K)
[2020.02.28-13.56.58:188][564]LogFileCache: Retrieving MD5 hashes for directory 'C:/Users/v8027550/Documents/GitHub/Alien1916Repo/Alien1916MASTER/Content/' took 5.10s
[2020.02.28-13.56.58:697][624]LogSlate: FSceneViewport::OnFocusLost() reason 0
[2020.02.28-13.57.07:131][573]LogStreaming: Warning: Failed to open ANSI TEXT file C:/Users/v8027550/Documents/GitHub/Alien1916Repo/Alien1916MASTER/Saved/HardwareSurvey/dxdiag.txt
[2020.02.28-13.57.07:137][574]LogStreaming: Warning: Failed to open ANSI TEXT file C:/Users/v8027550/Documents/GitHub/Alien1916Repo/Alien1916MASTER/Saved/HardwareSurvey/dxdiag.txt
[2020.02.28-13.57.07:145][575]LogStreaming: Warning: Failed to open ANSI TEXT file C:/Users/v8027550/Documents/GitHub/Alien1916Repo/Alien1916MASTER/Saved/HardwareSurvey/dxdiag.txt
[2020.02.28-13.57.07:166][576]LogSynthBenchmark: Display: FSynthBenchmark (V0.95):  requested WorkScale=5.00
[2020.02.28-13.57.07:167][576]LogSynthBenchmark: Display: ===============
[2020.02.28-13.57.07:167][576]LogSynthBenchmark: Display: Main Processor:
[2020.02.28-13.57.07:410][576]LogSynthBenchmark: Display:          ... 0.023119 s/Run 'RayIntersect'
[2020.02.28-13.57.07:410][576]LogSynthBenchmark: Display:          ... 0.025669 s/Run 'Fractal'
[2020.02.28-13.57.07:410][576]LogSynthBenchmark: Display: 
[2020.02.28-13.57.07:410][576]LogSynthBenchmark: Display:   CompiledTarget_x_Bits: 64
[2020.02.28-13.57.07:410][576]LogSynthBenchmark: Display:   UE_BUILD_SHIPPING: 0
[2020.02.28-13.57.07:410][576]LogSynthBenchmark: Display:   UE_BUILD_TEST: 0
[2020.02.28-13.57.07:410][576]LogSynthBenchmark: Display:   UE_BUILD_DEBUG: 0
[2020.02.28-13.57.07:410][576]LogSynthBenchmark: Display:   TotalPhysicalGBRam: 32
[2020.02.28-13.57.07:410][576]LogSynthBenchmark: Display:   NumberOfCores (physical): 6
[2020.02.28-13.57.07:410][576]LogSynthBenchmark: Display:   NumberOfCores (logical): 12
[2020.02.28-13.57.07:410][576]LogSynthBenchmark: Display:   CPU Perf Index 0: 110.8 (weight 1.00)
[2020.02.28-13.57.07:410][576]LogSynthBenchmark: Display:   CPU Perf Index 1: 111.4 (weight 1.50)
[2020.02.28-13.57.07:410][576]LogSynthBenchmark: Display:  
[2020.02.28-13.57.07:410][576]LogSynthBenchmark: Display: Graphics:
[2020.02.28-13.57.07:410][576]LogSynthBenchmark: Display:   Adapter Name: 'NVIDIA GeForce RTX 2080'
[2020.02.28-13.57.07:410][576]LogSynthBenchmark: Display:   (On Optimus the name might be wrong, memory should be ok)
[2020.02.28-13.57.07:410][576]LogSynthBenchmark: Display:   Vendor Id: 0x10DE
[2020.02.28-13.57.07:410][576]LogSynthBenchmark: Display:   Device Id: 0x1E82
[2020.02.28-13.57.07:410][576]LogSynthBenchmark: Display:   Device Revision: 0xA1
[2020.02.28-13.57.07:410][576]LogSynthBenchmark: Display:   GPU Memory: 8010/0/16243 MB
[2020.02.28-13.57.07:509][576]LogSynthBenchmark: Display:   GPU first test: 0.02s
[2020.02.28-13.57.07:509][576]LogSynthBenchmark: Display:          ... 5.017 s/GigaPix, Confidence=89% 'ALUHeavyNoise' (likely to be very inaccurate)
[2020.02.28-13.57.07:509][576]LogSynthBenchmark: Display:          ... 5.032 s/GigaPix, Confidence=70% 'TexHeavy' (likely to be very inaccurate)
[2020.02.28-13.57.07:509][576]LogSynthBenchmark: Display:          ... 3.683 s/GigaPix, Confidence=89% 'DepTexHeavy' (likely to be very inaccurate)
[2020.02.28-13.57.07:509][576]LogSynthBenchmark: Display:          ... 14.398 s/GigaPix, Confidence=89% 'FillOnly' (likely to be very inaccurate)
[2020.02.28-13.57.07:509][576]LogSynthBenchmark: Display:          ... 0.373 s/GigaPix, Confidence=89% 'Bandwidth' (likely to be very inaccurate)
[2020.02.28-13.57.07:509][576]LogSynthBenchmark: Display:          ... 1.547 s/GigaVert, Confidence=60% 'VertThroughPut1' (likely to be very inaccurate)
[2020.02.28-13.57.07:510][576]LogSynthBenchmark: Display:          ... 12.856 s/GigaVert, Confidence=89% 'VertThroughPut2' (likely to be very inaccurate)
[2020.02.28-13.57.07:780][576]LogSynthBenchmark: Display:   GPU second test: 0.24s
[2020.02.28-13.57.07:780][576]LogSynthBenchmark: Display:          ... 13.976 s/GigaPix, Confidence=89% 'ALUHeavyNoise' (likely to be inaccurate)
[2020.02.28-13.57.07:780][576]LogSynthBenchmark: Display:          ... 10.171 s/GigaPix, Confidence=100% 'TexHeavy' (likely to be inaccurate)
[2020.02.28-13.57.07:780][576]LogSynthBenchmark: Display:          ... 8.000 s/GigaPix, Confidence=100% 'DepTexHeavy' (likely to be inaccurate)
[2020.02.28-13.57.07:780][576]LogSynthBenchmark: Display:          ... 40.415 s/GigaPix, Confidence=100% 'FillOnly' (likely to be inaccurate)
[2020.02.28-13.57.07:780][576]LogSynthBenchmark: Display:          ... 0.672 s/GigaPix, Confidence=100% 'Bandwidth' (likely to be inaccurate)
[2020.02.28-13.57.07:780][576]LogSynthBenchmark: Display:          ... 0.591 s/GigaVert, Confidence=100% 'VertThroughPut1' (likely to be inaccurate)
[2020.02.28-13.57.07:780][576]LogSynthBenchmark: Display:          ... 13.614 s/GigaVert, Confidence=100% 'VertThroughPut2' (likely to be inaccurate)
[2020.02.28-13.57.07:780][576]LogSynthBenchmark: Display:   GPU Final Results:
[2020.02.28-13.57.07:780][576]LogSynthBenchmark: Display:          ... 13.976 s/GigaPix, Confidence=89% 'ALUHeavyNoise'
[2020.02.28-13.57.07:780][576]LogSynthBenchmark: Display:          ... 10.171 s/GigaPix, Confidence=100% 'TexHeavy'
[2020.02.28-13.57.07:780][576]LogSynthBenchmark: Display:          ... 8.000 s/GigaPix, Confidence=100% 'DepTexHeavy'
[2020.02.28-13.57.07:780][576]LogSynthBenchmark: Display:          ... 40.415 s/GigaPix, Confidence=100% 'FillOnly'
[2020.02.28-13.57.07:780][576]LogSynthBenchmark: Display:          ... 0.672 s/GigaPix, Confidence=100% 'Bandwidth'
[2020.02.28-13.57.07:780][576]LogSynthBenchmark: Display:          ... 0.591 s/GigaVert, Confidence=100% 'VertThroughPut1'
[2020.02.28-13.57.07:780][576]LogSynthBenchmark: Display:          ... 13.614 s/GigaVert, Confidence=100% 'VertThroughPut2'
[2020.02.28-13.57.07:780][576]LogSynthBenchmark: Display: 
[2020.02.28-13.57.07:780][576]LogSynthBenchmark: Display:   GPU Perf Index 0: 303.8 (weight 1.00)
[2020.02.28-13.57.07:780][576]LogSynthBenchmark: Display:   GPU Perf Index 1: 136.6 (weight 0.10)
[2020.02.28-13.57.07:780][576]LogSynthBenchmark: Display:   GPU Perf Index 2: 208.0 (weight 0.10)
[2020.02.28-13.57.07:780][576]LogSynthBenchmark: Display:   GPU Perf Index 3: 158.7 (weight 3.00)
[2020.02.28-13.57.07:780][576]LogSynthBenchmark: Display:   GPU Perf Index 4: 62.7 (weight 1.00)
[2020.02.28-13.57.07:780][576]LogSynthBenchmark: Display:   GPU Perf Index 5: 38.4 (weight 0.00)
[2020.02.28-13.57.07:780][576]LogSynthBenchmark: Display:   GPU Perf Index 6: 770.5 (weight 0.00)
[2020.02.28-13.57.07:780][576]LogSynthBenchmark: Display:   CPUIndex: 111.2
[2020.02.28-13.57.07:780][576]LogSynthBenchmark: Display:   GPUIndex: 168.7
[2020.02.28-13.57.07:780][576]LogSynthBenchmark: Display: 
[2020.02.28-13.57.07:780][576]LogSynthBenchmark: Display:          ... Total Time: 0.613701 sec
[2020.02.28-13.57.07:785][576]LogWindows: FWindowsPlatformSurvey::TickSurveyHardware() WinSAT assessment unavailable. Unable to examine some hardware metrics. Run the Windows Experience Index Assessment.
[2020.02.28-13.57.12:278][ 77]LogSlate: Window 'Alien1916MASTER - Unreal Editor' being destroyed
[2020.02.28-13.57.12:279][ 77]LogWindowsTextInputMethodSystem: Display: IME system now deactivated.
[2020.02.28-13.57.12:542][ 78]Cmd: QUIT_EDITOR
[2020.02.28-13.57.12:645][ 78]LogSlate: Slate User Destroyed.  User Index 0, Is Virtual User: 0
[2020.02.28-13.57.12:646][ 78]LogExit: Preparing to exit.
[2020.02.28-13.57.12:997][ 78]LogDirectoryWatcher: A directory notification for 'C:/Users/v8027550/Documents/GitHub/Alien1916Repo/Alien1916MASTER/Content/' was aborted.
[2020.02.28-13.57.13:113][ 78]LogExit: Editor shut down
[2020.02.28-13.57.13:114][ 78]LogExit: Transaction tracking system shut down
[2020.02.28-13.57.13:221][ 78]LogDirectoryWatcher: A directory notification for '../../../Engine/Content/' was aborted.
[2020.02.28-13.57.13:221][ 78]LogDirectoryWatcher: A directory notification for '../../../../../../Users/v8027550/Documents/GitHub/Alien1916Repo/Alien1916MASTER/Content/' was aborted.
[2020.02.28-13.57.13:221][ 78]LogDirectoryWatcher: A directory notification for '../../Plugins/2D/Paper2D/Content/' was aborted.
[2020.02.28-13.57.13:222][ 78]LogDirectoryWatcher: A directory notification for '../../Plugins/Enterprise/DatasmithContent/Content/' was aborted.
[2020.02.28-13.57.13:222][ 78]LogDirectoryWatcher: A directory notification for '../../Plugins/Media/MediaCompositing/Content/' was aborted.
[2020.02.28-13.57.13:222][ 78]LogDirectoryWatcher: A directory notification for '../../Plugins/Runtime/AppleARKit/Content/' was aborted.
[2020.02.28-13.57.13:222][ 78]LogDirectoryWatcher: A directory notification for '../../Plugins/Runtime/Oculus/OculusVR/Content/' was aborted.
[2020.02.28-13.57.13:222][ 78]LogDirectoryWatcher: A directory notification for '../../Plugins/Runtime/Steam/SteamVR/Content/' was aborted.
[2020.02.28-13.57.13:307][ 78]LogExit: Object subsystem successfully closed.
[2020.02.28-13.57.13:455][ 78]LogShaderCompilers: Display: Shaders left to compile 0
[2020.02.28-13.57.13:461][ 78]LogD3D11RHI: Shutdown
[2020.02.28-13.57.13:461][ 78]LogD3D11RHI: CleanupD3DDevice
[2020.02.28-13.57.13:501][ 78]LogD3D11RHI: ~FD3D11DynamicRHI
[2020.02.28-13.57.13:756][ 78]LogModuleManager: Shutting down and abandoning module SynthBenchmark (580)
[2020.02.28-13.57.13:756][ 78]LogModuleManager: Shutting down and abandoning module HierarchicalLODOutliner (578)
[2020.02.28-13.57.13:756][ 78]LogModuleManager: Shutting down and abandoning module SceneOutliner (576)
[2020.02.28-13.57.13:757][ 78]LogModuleManager: Shutting down and abandoning module AddContentDialog (574)
[2020.02.28-13.57.13:757][ 78]LogDirectoryWatcher: A directory notification for 'C:/Program Files/Epic Games/UE_4.19/FeaturePacks/' was aborted.
[2020.02.28-13.57.13:759][ 78]LogModuleManager: Shutting down and abandoning module WidgetCarousel (573)
[2020.02.28-13.57.13:759][ 78]LogModuleManager: Shutting down and abandoning module EditorWidgets (570)
[2020.02.28-13.57.13:759][ 78]LogModuleManager: Shutting down and abandoning module CollectionManager (568)
[2020.02.28-13.57.13:759][ 78]LogDirectoryWatcher: A directory notification for 'C:/Users/v8027550/Documents/GitHub/Alien1916Repo/Alien1916MASTER/Content/Collections/' was aborted.
[2020.02.28-13.57.13:759][ 78]LogDirectoryWatcher: A directory notification for 'C:/Users/v8027550/Documents/GitHub/Alien1916Repo/Alien1916MASTER/Content/Developers/v8027550/Collections/' was aborted.
[2020.02.28-13.57.13:759][ 78]LogDirectoryWatcher: A directory notification for 'C:/Users/v8027550/Documents/GitHub/Alien1916Repo/Alien1916MASTER/Saved/Collections/' was aborted.
[2020.02.28-13.57.13:760][ 78]LogModuleManager: Shutting down and abandoning module StatsViewer (566)
[2020.02.28-13.57.13:760][ 78]LogModuleManager: Shutting down and abandoning module FoliageEdit (564)
[2020.02.28-13.57.13:760][ 78]LogModuleManager: Shutting down and abandoning module LandscapeEditor (562)
[2020.02.28-13.57.13:761][ 78]LogModuleManager: Shutting down and abandoning module MeshPaintMode (560)
[2020.02.28-13.57.13:761][ 78]LogModuleManager: Shutting down and abandoning module SceneDepthPickerMode (558)
[2020.02.28-13.57.13:761][ 78]LogModuleManager: Shutting down and abandoning module ActorPickerMode (556)
[2020.02.28-13.57.13:761][ 78]LogModuleManager: Shutting down and abandoning module GeometryMode (554)
[2020.02.28-13.57.13:761][ 78]LogModuleManager: Shutting down and abandoning module TextureAlignMode (552)
[2020.02.28-13.57.13:761][ 78]LogModuleManager: Shutting down and abandoning module BspMode (550)
[2020.02.28-13.57.13:761][ 78]LogModuleManager: Shutting down and abandoning module PIEPreviewDeviceProfileSelector (548)
[2020.02.28-13.57.13:761][ 78]LogModuleManager: Shutting down and abandoning module HardwareSurvey (546)
[2020.02.28-13.57.13:761][ 78]LogModuleManager: Shutting down and abandoning module SequenceRecorderSections (544)
[2020.02.28-13.57.13:761][ 78]LogModuleManager: Shutting down and abandoning module AutomationWorker (542)
[2020.02.28-13.57.13:761][ 78]LogModuleManager: Shutting down and abandoning module AudioCaptureEditor (540)
[2020.02.28-13.57.13:761][ 78]LogModuleManager: Shutting down and abandoning module SequenceRecorder (539)
[2020.02.28-13.57.13:761][ 78]LogModuleManager: Shutting down and abandoning module MatineeToLevelSequence (536)
[2020.02.28-13.57.13:761][ 78]LogModuleManager: Shutting down and abandoning module LevelSequenceEditor (534)
[2020.02.28-13.57.13:762][ 78]LogModuleManager: Shutting down and abandoning module PlacementMode (533)
[2020.02.28-13.57.13:762][ 78]LogModuleManager: Shutting down and abandoning module MaterialEditor (532)
[2020.02.28-13.57.13:766][ 78]LogModuleManager: Shutting down and abandoning module WmfMediaFactory (528)
[2020.02.28-13.57.13:766][ 78]LogModuleManager: Shutting down and abandoning module WmfMediaEditor (526)
[2020.02.28-13.57.13:766][ 78]LogModuleManager: Shutting down and abandoning module MediaPlayerEditor (524)
[2020.02.28-13.57.13:767][ 78]LogModuleManager: Shutting down and abandoning module OpenExrWrapper (522)
[2020.02.28-13.57.13:767][ 78]LogModuleManager: Shutting down and abandoning module ImgMediaFactory (520)
[2020.02.28-13.57.13:767][ 78]LogModuleManager: Shutting down and abandoning module ImgMediaEditor (518)
[2020.02.28-13.57.13:768][ 78]LogModuleManager: Shutting down and abandoning module AvfMediaFactory (516)
[2020.02.28-13.57.13:768][ 78]LogModuleManager: Shutting down and abandoning module AvfMediaEditor (514)
[2020.02.28-13.57.13:768][ 78]LogModuleManager: Shutting down and abandoning module AndroidMediaFactory (512)
[2020.02.28-13.57.13:768][ 78]LogModuleManager: Shutting down and abandoning module AndroidMediaEditor (510)
[2020.02.28-13.57.13:768][ 78]LogModuleManager: Shutting down and abandoning module CharacterAI (508)
[2020.02.28-13.57.13:768][ 78]LogModuleManager: Shutting down and abandoning module SmartSnapping (506)
[2020.02.28-13.57.13:768][ 78]LogModuleManager: Shutting down and abandoning module SessionServices (504)
[2020.02.28-13.57.13:768][ 78]LogModuleManager: Shutting down and abandoning module ViewportSnapping (502)
[2020.02.28-13.57.13:768][ 78]LogModuleManager: Shutting down and abandoning module ViewportInteraction (500)
[2020.02.28-13.57.13:768][ 78]LogModuleManager: Shutting down and abandoning module ClothPainter (498)
[2020.02.28-13.57.13:768][ 78]LogModuleManager: Shutting down and abandoning module SkeletalMeshEditor (497)
[2020.02.28-13.57.13:770][ 78]LogModuleManager: Shutting down and abandoning module LogVisualizer (494)
[2020.02.28-13.57.13:770][ 78]LogModuleManager: Shutting down and abandoning module IntroTutorials (492)
[2020.02.28-13.57.13:771][ 78]LogModuleManager: Shutting down and abandoning module GameProjectGeneration (491)
[2020.02.28-13.57.13:772][ 78]LogModuleManager: Shutting down and abandoning module IOSPlatformEditor (488)
[2020.02.28-13.57.13:772][ 78]LogModuleManager: Shutting down and abandoning module HTML5PlatformEditor (486)
[2020.02.28-13.57.13:772][ 78]LogModuleManager: Shutting down and abandoning module AndroidPlatformEditor (484)
[2020.02.28-13.57.13:772][ 78]LogModuleManager: Shutting down and abandoning module AndroidDeviceDetection (483)
[2020.02.28-13.57.14:004][ 78]LogModuleManager: Shutting down and abandoning module WindowsPlatformEditor (480)
[2020.02.28-13.57.14:004][ 78]LogModuleManager: Shutting down and abandoning module IOSRuntimeSettings (478)
[2020.02.28-13.57.14:004][ 78]LogModuleManager: Shutting down and abandoning module AndroidRuntimeSettings (476)
[2020.02.28-13.57.14:004][ 78]LogModuleManager: Shutting down and abandoning module InputBindingEditor (474)
[2020.02.28-13.57.14:004][ 78]LogModuleManager: Shutting down and abandoning module MergeActors (472)
[2020.02.28-13.57.14:005][ 78]LogModuleManager: Shutting down and abandoning module LocalizationDashboard (470)
[2020.02.28-13.57.14:005][ 78]LogModuleManager: Shutting down and abandoning module LocalizationService (469)
[2020.02.28-13.57.14:005][ 78]LogModuleManager: Shutting down and abandoning module HardwareTargeting (466)
[2020.02.28-13.57.14:005][ 78]LogModuleManager: Shutting down and abandoning module DeviceProfileEditor (464)
[2020.02.28-13.57.14:005][ 78]LogModuleManager: Shutting down and abandoning module UndoHistory (462)
[2020.02.28-13.57.14:005][ 78]LogModuleManager: Shutting down and abandoning module XmlParser (460)
[2020.02.28-13.57.14:006][ 78]LogModuleManager: Shutting down and abandoning module Blutility (458)
[2020.02.28-13.57.14:006][ 78]LogModuleManager: Shutting down and abandoning module ProjectSettingsViewer (456)
[2020.02.28-13.57.14:006][ 78]LogModuleManager: Shutting down and abandoning module ProjectTargetPlatformEditor (455)
[2020.02.28-13.57.14:006][ 78]LogModuleManager: Shutting down and abandoning module EditorSettingsViewer (452)
[2020.02.28-13.57.14:006][ 78]LogModuleManager: Shutting down and abandoning module SettingsEditor (450)
[2020.02.28-13.57.14:006][ 78]LogModuleManager: Shutting down and abandoning module ProjectLauncher (448)
[2020.02.28-13.57.14:007][ 78]LogModuleManager: Shutting down and abandoning module SessionFrontend (446)
[2020.02.28-13.57.14:007][ 78]LogModuleManager: Shutting down and abandoning module ProfilerClient (444)
[2020.02.28-13.57.14:007][ 78]LogModuleManager: Shutting down and abandoning module DeviceManager (442)
[2020.02.28-13.57.14:007][ 78]LogModuleManager: Shutting down and abandoning module TargetDeviceServices (441)
[2020.02.28-13.57.14:084][ 78]LogModuleManager: Shutting down and abandoning module AutomationController (438)
[2020.02.28-13.57.14:084][ 78]LogModuleManager: Shutting down and abandoning module AutomationWindow (436)
[2020.02.28-13.57.14:085][ 78]LogModuleManager: Shutting down and abandoning module Layers (434)
[2020.02.28-13.57.14:087][ 78]LogModuleManager: Shutting down and abandoning module ComponentVisualizers (432)
[2020.02.28-13.57.14:087][ 78]LogModuleManager: Shutting down and abandoning module DetailCustomizations (430)
[2020.02.28-13.57.14:088][ 78]LogModuleManager: Shutting down and abandoning module PackagesDialog (428)
[2020.02.28-13.57.14:088][ 78]LogModuleManager: Shutting down and abandoning module Persona (426)
[2020.02.28-13.57.14:089][ 78]LogModuleManager: Shutting down and abandoning module AdvancedPreviewScene (425)
[2020.02.28-13.57.14:089][ 78]LogModuleManager: Shutting down and abandoning module AnimGraph (423)
[2020.02.28-13.57.14:089][ 78]LogModuleManager: Shutting down and abandoning module Kismet (420)
[2020.02.28-13.57.14:089][ 78]LogModuleManager: Shutting down and abandoning module GraphEditor (418)
[2020.02.28-13.57.14:091][ 78]LogModuleManager: Shutting down and abandoning module ClassViewer (416)
[2020.02.28-13.57.14:091][ 78]LogModuleManager: Shutting down and abandoning module Toolbox (414)
[2020.02.28-13.57.14:091][ 78]LogModuleManager: Shutting down and abandoning module ModuleUI (412)
[2020.02.28-13.57.14:092][ 78]LogModuleManager: Shutting down and abandoning module MovieSceneTools (410)
[2020.02.28-13.57.14:092][ 78]LogModuleManager: Shutting down and abandoning module OutputLog (408)
[2020.02.28-13.57.14:092][ 78]LogModuleManager: Shutting down and abandoning module GammaUI (406)
[2020.02.28-13.57.14:093][ 78]LogModuleManager: Shutting down and abandoning module Documentation (404)
[2020.02.28-13.57.14:093][ 78]LogModuleManager: Shutting down and abandoning module MovieSceneTracks (402)
[2020.02.28-13.57.14:093][ 78]LogModuleManager: Shutting down and abandoning module MovieScene (400)
[2020.02.28-13.57.14:094][ 78]LogModuleManager: Shutting down and abandoning module StreamingPauseRendering (398)
[2020.02.28-13.57.14:094][ 78]LogModuleManager: Shutting down and abandoning module LauncherPlatform (396)
[2020.02.28-13.57.14:094][ 78]LogModuleManager: Shutting down and abandoning module AnalyticsET (394)
[2020.02.28-13.57.14:094][ 78]LogModuleManager: Shutting down and abandoning module PortalServices (392)
[2020.02.28-13.57.14:094][ 78]LogModuleManager: Shutting down and abandoning module PortalRpc (390)
[2020.02.28-13.57.14:094][ 78]LogModuleManager: Shutting down and abandoning module MessagingRpc (388)
[2020.02.28-13.57.14:094][ 78]LogModuleManager: Shutting down and abandoning module AIModule (386)
[2020.02.28-13.57.14:094][ 78]LogModuleManager: Shutting down and abandoning module GameplayDebugger (385)
[2020.02.28-13.57.14:094][ 78]LogModuleManager: Shutting down and abandoning module AITestSuite (383)
[2020.02.28-13.57.14:094][ 78]LogModuleManager: Shutting down and abandoning module DesktopPlatform (380)
[2020.02.28-13.57.14:094][ 78]LogModuleManager: Shutting down and abandoning module ProfilerService (378)
[2020.02.28-13.57.14:259][ 78]LogModuleManager: Shutting down and abandoning module TaskGraph (376)
[2020.02.28-13.57.14:259][ 78]LogModuleManager: Shutting down and abandoning module SteamVRController (374)
[2020.02.28-13.57.14:259][ 78]LogModuleManager: Shutting down and abandoning module ProceduralMeshComponentEditor (372)
[2020.02.28-13.57.14:259][ 78]LogModuleManager: Shutting down and abandoning module ProceduralMeshComponent (370)
[2020.02.28-13.57.14:259][ 78]LogModuleManager: Shutting down and abandoning module OculusInput (368)
[2020.02.28-13.57.14:259][ 78]LogModuleManager: Shutting down and abandoning module MobilePatchingUtils (366)
[2020.02.28-13.57.14:259][ 78]LogModuleManager: Shutting down and abandoning module CustomMeshComponent (364)
[2020.02.28-13.57.14:259][ 78]LogModuleManager: Shutting down and abandoning module CableComponent (362)
[2020.02.28-13.57.14:260][ 78]LogModuleManager: Shutting down and abandoning module AudioCapture (360)
[2020.02.28-13.57.14:260][ 78]LogModuleManager: Shutting down and abandoning module ArchVisCharacter (358)
[2020.02.28-13.57.14:260][ 78]LogModuleManager: Shutting down and abandoning module AndroidPermission (356)
[2020.02.28-13.57.14:260][ 78]LogModuleManager: Shutting down and abandoning module NUTUnrealEngine4 (352)
[2020.02.28-13.57.14:260][ 78]LogModuleManager: Shutting down and abandoning module NetcodeUnitTest (350)
[2020.02.28-13.57.14:260][ 78]LogModuleManager: Shutting down and abandoning module MediaCompositingEditor (348)
[2020.02.28-13.57.14:260][ 78]LogModuleManager: Shutting down and abandoning module MediaCompositing (346)
[2020.02.28-13.57.14:260][ 78]LogModuleManager: Shutting down and abandoning module LinearTimecode (344)
[2020.02.28-13.57.14:260][ 78]LogModuleManager: Shutting down and abandoning module ImgMedia (342)
[2020.02.28-13.57.14:268][ 78]LogModuleManager: Shutting down and abandoning module HTML5Networking (340)
[2020.02.28-13.57.14:268][ 78]LogModuleManager: Shutting down and abandoning module AlembicImporter (338)
[2020.02.28-13.57.14:269][ 78]LogModuleManager: Shutting down and abandoning module AlembicLibrary (337)
[2020.02.28-13.57.14:269][ 78]LogModuleManager: Shutting down and abandoning module GeometryCache (336)
[2020.02.28-13.57.14:269][ 78]LogModuleManager: Shutting down and abandoning module GeometryCacheEd (335)
[2020.02.28-13.57.14:269][ 78]LogModuleManager: Shutting down and abandoning module DatasmithContent (330)
[2020.02.28-13.57.14:269][ 78]LogModuleManager: Shutting down and abandoning module SpeedTreeImporter (328)
[2020.02.28-13.57.14:269][ 78]LogModuleManager: Shutting down and abandoning module PluginBrowser (326)
[2020.02.28-13.57.14:269][ 78]LogModuleManager: Shutting down and abandoning module MobileLauncherProfileWizard (324)
[2020.02.28-13.57.14:270][ 78]LogModuleManager: Shutting down and abandoning module CryptoKeysOpenSSL (322)
[2020.02.28-13.57.14:270][ 78]LogModuleManager: Shutting down and abandoning module CryptoKeys (320)
[2020.02.28-13.57.14:270][ 78]LogModuleManager: Shutting down and abandoning module VisualStudioSourceCodeAccess (318)
[2020.02.28-13.57.14:270][ 78]LogModuleManager: Shutting down and abandoning module VisualStudioCodeSourceCodeAccess (316)
[2020.02.28-13.57.14:270][ 78]LogModuleManager: Shutting down and abandoning module UObjectPlugin (314)
[2020.02.28-13.57.14:270][ 78]LogModuleManager: Shutting down and abandoning module SubversionSourceControl (312)
[2020.02.28-13.57.14:270][ 78]LogModuleManager: Shutting down and abandoning module PerforceSourceControl (310)
[2020.02.28-13.57.14:270][ 78]LogModuleManager: Shutting down and abandoning module GitSourceControl (308)
[2020.02.28-13.57.14:270][ 78]LogModuleManager: Shutting down and abandoning module SourceControl (307)
[2020.02.28-13.57.14:270][ 78]LogModuleManager: Shutting down and abandoning module CLionSourceCodeAccess (304)
[2020.02.28-13.57.14:270][ 78]LogModuleManager: Shutting down and abandoning module LightPropagationVolumeEditor (302)
[2020.02.28-13.57.14:270][ 78]LogModuleManager: Shutting down and abandoning module PaperTiledImporter (300)
[2020.02.28-13.57.14:270][ 78]LogModuleManager: Shutting down and abandoning module PaperSpriteSheetImporter (298)
[2020.02.28-13.57.14:270][ 78]LogModuleManager: Shutting down and abandoning module Paper2DEditor (296)
[2020.02.28-13.57.14:270][ 78]LogModuleManager: Shutting down and abandoning module MeshPaint (295)
[2020.02.28-13.57.14:271][ 78]LogModuleManager: Shutting down and abandoning module RuntimePhysXCooking (292)
[2020.02.28-13.57.14:271][ 78]LogModuleManager: Shutting down and abandoning module PhysXVehiclesEditor (290)
[2020.02.28-13.57.14:271][ 78]LogModuleManager: Shutting down and abandoning module PhysXVehicles (288)
[2020.02.28-13.57.14:271][ 78]LogModuleManager: Shutting down and abandoning module OculusEditor (286)
[2020.02.28-13.57.14:271][ 78]LogModuleManager: Shutting down and abandoning module LocationServicesBPLibrary (284)
[2020.02.28-13.57.14:271][ 78]LogModuleManager: Shutting down and abandoning module ImmediatePhysicsEditor (282)
[2020.02.28-13.57.14:271][ 78]LogModuleManager: Shutting down and abandoning module ImmediatePhysics (280)
[2020.02.28-13.57.14:271][ 78]LogModuleManager: Shutting down and abandoning module ApexDestructionEditor (278)
[2020.02.28-13.57.14:271][ 78]LogModuleManager: Shutting down and abandoning module ApexDestruction (276)
[2020.02.28-13.57.14:271][ 78]LogModuleManager: Shutting down and abandoning module ActorSequence (274)
[2020.02.28-13.57.14:271][ 78]LogModuleManager: Shutting down and abandoning module UdpMessaging (272)
[2020.02.28-13.57.14:371][ 78]LogModuleManager: Shutting down and abandoning module TcpMessaging (270)
[2020.02.28-13.57.14:472][ 78]LogModuleManager: Shutting down and abandoning module GameplayTagsEditor (268)
[2020.02.28-13.57.14:472][ 78]LogModuleManager: Shutting down and abandoning module FacialAnimationEditor (266)
[2020.02.28-13.57.14:473][ 78]LogModuleManager: Shutting down and abandoning module FacialAnimation (264)
[2020.02.28-13.57.14:473][ 78]LogModuleManager: Shutting down and abandoning module DataValidation (262)
[2020.02.28-13.57.14:473][ 78]LogModuleManager: Shutting down and abandoning module AssetManagerEditor (260)
[2020.02.28-13.57.14:474][ 78]LogModuleManager: Shutting down and abandoning module LevelEditor (259)
[2020.02.28-13.57.14:475][ 78]LogModuleManager: Shutting down and abandoning module PixelInspectorModule (258)
[2020.02.28-13.57.14:476][ 78]LogModuleManager: Shutting down and abandoning module CommonMenuExtensions (256)
[2020.02.28-13.57.14:476][ 78]LogModuleManager: Shutting down and abandoning module MainFrame (254)
[2020.02.28-13.57.14:476][ 78]LogModuleManager: Shutting down and abandoning module HotReload (253)
[2020.02.28-13.57.14:477][ 78]LogModuleManager: Shutting down and abandoning module ContentBrowser (249)
[2020.02.28-13.57.14:479][ 78]LogModuleManager: Shutting down and abandoning module TreeMap (247)
[2020.02.28-13.57.14:479][ 78]LogModuleManager: Shutting down and abandoning module LightPropagationVolumeRuntime (244)
[2020.02.28-13.57.14:479][ 78]LogModuleManager: Shutting down and abandoning module LiveLinkEditor (242)
[2020.02.28-13.57.14:479][ 78]LogModuleManager: Shutting down and abandoning module LiveLink (240)
[2020.02.28-13.57.15:367][ 78]LogModuleManager: Shutting down and abandoning module Paper2D (238)
[2020.02.28-13.57.15:367][ 78]LogModuleManager: Shutting down and abandoning module WindowsMoviePlayer (236)
[2020.02.28-13.57.15:367][ 78]LogModuleManager: Shutting down and abandoning module WmfMedia (234)
[2020.02.28-13.57.15:370][ 78]LogModuleManager: Shutting down and abandoning module Media (233)
[2020.02.28-13.57.15:378][ 78]LogModuleManager: Shutting down and abandoning module PacketHandler (230)
[2020.02.28-13.57.15:378][ 78]LogModuleManager: Shutting down and abandoning module ClothingSystemEditor (228)
[2020.02.28-13.57.15:378][ 78]LogModuleManager: Shutting down and abandoning module ClothingSystemRuntime (226)
[2020.02.28-13.57.15:379][ 78]LogModuleManager: Shutting down and abandoning module MediaAssets (224)
[2020.02.28-13.57.15:379][ 78]LogModuleManager: Shutting down and abandoning module Overlay (222)
[2020.02.28-13.57.15:379][ 78]LogModuleManager: Shutting down and abandoning module OverlayEditor (221)
[2020.02.28-13.57.15:379][ 78]LogModuleManager: Shutting down and abandoning module VREditor (218)
[2020.02.28-13.57.15:379][ 78]LogModuleManager: Shutting down and abandoning module StringTableEditor (216)
[2020.02.28-13.57.15:379][ 78]LogModuleManager: Shutting down and abandoning module GameplayTasksEditor (214)
[2020.02.28-13.57.15:380][ 78]LogModuleManager: Shutting down and abandoning module BehaviorTreeEditor (212)
[2020.02.28-13.57.15:380][ 78]LogModuleManager: Shutting down and abandoning module FunctionalTesting (210)
[2020.02.28-13.57.15:380][ 78]LogModuleManager: Shutting down and abandoning module CollisionAnalyzer (208)
[2020.02.28-13.57.15:381][ 78]LogModuleManager: Shutting down and abandoning module WorkspaceMenuStructure (207)
[2020.02.28-13.57.15:381][ 78]LogModuleManager: Shutting down and abandoning module UMG (204)
[2020.02.28-13.57.15:381][ 78]LogModuleManager: Shutting down and abandoning module UMGEditor (203)
[2020.02.28-13.57.15:383][ 78]LogModuleManager: Shutting down and abandoning module Sequencer (202)
[2020.02.28-13.57.15:384][ 78]LogModuleManager: Shutting down and abandoning module MessageLog (199)
[2020.02.28-13.57.15:384][ 78]LogModuleManager: Shutting down and abandoning module SlateReflector (194)
[2020.02.28-13.57.15:385][ 78]LogModuleManager: Shutting down and abandoning module Slate (192)
[2020.02.28-13.57.15:385][ 78]LogModuleManager: Shutting down and abandoning module EditorStyle (190)
[2020.02.28-13.57.15:388][ 78]LogModuleManager: Shutting down and abandoning module MRMesh (188)
[2020.02.28-13.57.15:388][ 78]LogModuleManager: Shutting down and abandoning module SourceCodeAccess (186)
[2020.02.28-13.57.15:388][ 78]LogModuleManager: Shutting down and abandoning module HeadMountedDisplay (184)
[2020.02.28-13.57.15:388][ 78]LogModuleManager: Shutting down and abandoning module XAudio2 (182)
[2020.02.28-13.57.15:388][ 78]LogModuleManager: Shutting down and abandoning module Networking (180)
[2020.02.28-13.57.15:388][ 78]LogModuleManager: Shutting down and abandoning module Core (178)
[2020.02.28-13.57.15:388][ 78]LogModuleManager: Shutting down and abandoning module LevelSequence (176)
[2020.02.28-13.57.15:388][ 78]LogModuleManager: Shutting down and abandoning module KismetCompiler (174)
[2020.02.28-13.57.15:388][ 78]LogModuleManager: Shutting down and abandoning module MeshUtilities (172)
[2020.02.28-13.57.15:389][ 78]LogModuleManager: Shutting down and abandoning module MeshMergeUtilities (171)
[2020.02.28-13.57.15:389][ 78]LogModuleManager: Shutting down and abandoning module MeshReductionInterface (170)
[2020.02.28-13.57.15:389][ 78]LogModuleManager: Shutting down and abandoning module SimplygonSwarm (169)
[2020.02.28-13.57.15:389][ 78]LogModuleManager: Shutting down and abandoning module SimplygonMeshReduction (167)
[2020.02.28-13.57.15:389][ 78]LogModuleManager: Shutting down and abandoning module QuadricMeshReduction (165)
[2020.02.28-13.57.15:389][ 78]LogModuleManager: Shutting down and abandoning module MaterialBaking (161)
[2020.02.28-13.57.15:389][ 78]LogModuleManager: Shutting down and abandoning module DirectoryWatcher (157)
[2020.02.28-13.57.15:390][ 78]LogModuleManager: Shutting down and abandoning module DerivedDataCache (154)
[2020.02.28-13.57.15:640][ 78]LogDerivedDataCache: Shutdown
[2020.02.28-13.57.15:640][ 78]LogModuleManager: Shutting down and abandoning module XGEController (152)
[2020.02.28-13.57.15:640][ 78]LogModuleManager: Shutting down and abandoning module TargetPlatform (150)
[2020.02.28-13.57.15:640][ 78]LogModuleManager: Shutting down and abandoning module VulkanShaderFormat (149)
[2020.02.28-13.57.15:640][ 78]LogModuleManager: Shutting down and abandoning module ShaderFormatVectorVM (147)
[2020.02.28-13.57.15:641][ 78]LogModuleManager: Shutting down and abandoning module ShaderFormatOpenGL (145)
[2020.02.28-13.57.15:641][ 78]LogModuleManager: Shutting down and abandoning module ShaderFormatD3D (143)
[2020.02.28-13.57.15:641][ 78]LogModuleManager: Shutting down and abandoning module MetalShaderFormat (141)
[2020.02.28-13.57.15:642][ 78]LogModuleManager: Shutting down and abandoning module TextureFormatUncompressed (139)
[2020.02.28-13.57.15:642][ 78]LogModuleManager: Shutting down and abandoning module TextureFormatPVR (137)
[2020.02.28-13.57.15:642][ 78]LogModuleManager: Shutting down and abandoning module TextureFormatDXT (135)
[2020.02.28-13.57.15:642][ 78]LogModuleManager: Shutting down and abandoning module TextureFormatIntelISPCTexComp (133)
[2020.02.28-13.57.15:642][ 78]LogModuleManager: Shutting down and abandoning module TextureFormatASTC (131)
[2020.02.28-13.57.15:642][ 78]LogModuleManager: Shutting down and abandoning module ImageWrapper (130)
[2020.02.28-13.57.15:642][ 78]LogModuleManager: Shutting down and abandoning module TextureFormatAndroid (127)
[2020.02.28-13.57.15:642][ 78]LogModuleManager: Shutting down and abandoning module AudioFormatOpus (125)
[2020.02.28-13.57.15:642][ 78]LogModuleManager: Shutting down and abandoning module AudioFormatOgg (123)
[2020.02.28-13.57.15:642][ 78]LogModuleManager: Shutting down and abandoning module AudioFormatADPCM (121)
[2020.02.28-13.57.15:642][ 78]LogModuleManager: Shutting down and abandoning module LinuxTargetPlatform (119)
[2020.02.28-13.57.15:642][ 78]LogModuleManager: Shutting down and abandoning module LinuxServerTargetPlatform (117)
[2020.02.28-13.57.15:642][ 78]LogModuleManager: Shutting down and abandoning module LinuxNoEditorTargetPlatform (115)
[2020.02.28-13.57.15:642][ 78]LogModuleManager: Shutting down and abandoning module LinuxClientTargetPlatform (113)
[2020.02.28-13.57.15:642][ 78]LogModuleManager: Shutting down and abandoning module TVOSTargetPlatform (111)
[2020.02.28-13.57.15:642][ 78]LogModuleManager: Shutting down and abandoning module Messaging (109)
[2020.02.28-13.57.15:642][ 78]LogModuleManager: Shutting down and abandoning module IOSTargetPlatform (107)
[2020.02.28-13.57.15:642][ 78]LogModuleManager: Shutting down and abandoning module HTML5TargetPlatform (105)
[2020.02.28-13.57.15:642][ 78]LogModuleManager: Shutting down and abandoning module AndroidTargetPlatform (103)
[2020.02.28-13.57.15:642][ 78]LogModuleManager: Shutting down and abandoning module Android_PVRTCTargetPlatform (101)
[2020.02.28-13.57.15:642][ 78]LogModuleManager: Shutting down and abandoning module Android_MultiTargetPlatform (99)
[2020.02.28-13.57.15:642][ 78]LogModuleManager: Shutting down and abandoning module Android_ETC2TargetPlatform (97)
[2020.02.28-13.57.15:642][ 78]LogModuleManager: Shutting down and abandoning module Android_ETC1TargetPlatform (95)
[2020.02.28-13.57.15:642][ 78]LogModuleManager: Shutting down and abandoning module Android_ETC1aTargetPlatform (93)
[2020.02.28-13.57.15:642][ 78]LogModuleManager: Shutting down and abandoning module Android_DXTTargetPlatform (91)
[2020.02.28-13.57.15:642][ 78]LogModuleManager: Shutting down and abandoning module Android_ATCTargetPlatform (89)
[2020.02.28-13.57.15:643][ 78]LogModuleManager: Shutting down and abandoning module Android_ASTCTargetPlatform (87)
[2020.02.28-13.57.15:643][ 78]LogModuleManager: Shutting down and abandoning module WindowsTargetPlatform (85)
[2020.02.28-13.57.15:643][ 78]LogModuleManager: Shutting down and abandoning module WindowsServerTargetPlatform (83)
[2020.02.28-13.57.15:643][ 78]LogModuleManager: Shutting down and abandoning module WindowsNoEditorTargetPlatform (81)
[2020.02.28-13.57.15:643][ 78]LogModuleManager: Shutting down and abandoning module WindowsClientTargetPlatform (79)
[2020.02.28-13.57.15:643][ 78]LogModuleManager: Shutting down and abandoning module MacTargetPlatform (77)
[2020.02.28-13.57.15:643][ 78]LogModuleManager: Shutting down and abandoning module MacServerTargetPlatform (75)
[2020.02.28-13.57.15:643][ 78]LogModuleManager: Shutting down and abandoning module MacNoEditorTargetPlatform (73)
[2020.02.28-13.57.15:643][ 78]LogModuleManager: Shutting down and abandoning module MacClientTargetPlatform (71)
[2020.02.28-13.57.15:643][ 78]LogModuleManager: Shutting down and abandoning module AllDesktopTargetPlatform (69)
[2020.02.28-13.57.15:643][ 78]LogModuleManager: Shutting down and abandoning module InputCore (66)
[2020.02.28-13.57.15:643][ 78]LogModuleManager: Shutting down and abandoning module Settings (64)
[2020.02.28-13.57.15:643][ 78]LogModuleManager: Shutting down and abandoning module PhysXCooking (62)
[2020.02.28-13.57.15:643][ 78]LogModuleManager: Shutting down and abandoning module SteamVR (60)
[2020.02.28-13.57.15:643][ 78]LogModuleManager: Shutting down and abandoning module OculusHMD (58)
[2020.02.28-13.57.15:643][ 78]LogModuleManager: Shutting down and abandoning module ExampleDeviceProfileSelector (56)
[2020.02.28-13.57.15:644][ 78]LogModuleManager: Shutting down and abandoning module AppleARKit (54)
[2020.02.28-13.57.15:644][ 78]LogModuleManager: Shutting down and abandoning module AugmentedReality (51)
[2020.02.28-13.57.15:644][ 78]LogModuleManager: Shutting down and abandoning module OnlineBlueprintSupport (48)
[2020.02.28-13.57.15:644][ 78]LogModuleManager: Shutting down and abandoning module OnlineSubsystem (44)
[2020.02.28-13.57.15:644][ 78]LogModuleManager: Shutting down and abandoning module XMPP (43)
[2020.02.28-13.57.15:645][ 78]LogModuleManager: Shutting down and abandoning module HTTP (41)
[2020.02.28-13.57.15:645][ 78]LogHttp: Display: Http module shutting down, but needs to wait on 1 outstanding Http requests:
[2020.02.28-13.57.15:645][ 78]LogHttp: Display: 	verb=[POST] url=[https://datarouter.ol.epicgames.com/datarouter/api/v1/public/data?SessionID=%7B2AEE6D26-4CB5-5055-AB22-ED84642F2795%7D&AppID=UEEditor.Rocket.Release&AppVersion=4.19.2-4033788%2B%2B%2BUE4%2BRelease-4.19&UserID=b1d621194881645c3e2e6a9337701f0d%7C%7Ced435238-5489-4f43-a165-40ffa3be8c43&AppEnvironment=datacollector-binary&UploadType=eteventstream] status=Processing
[2020.02.28-13.57.15:673][ 78]LogModuleManager: Shutting down and abandoning module SSL (40)
[2020.02.28-13.57.15:674][ 78]LogModuleManager: Shutting down and abandoning module AnimationModifiers (36)
[2020.02.28-13.57.15:674][ 78]LogModuleManager: Shutting down and abandoning module PropertyEditor (35)
[2020.02.28-13.57.15:674][ 78]LogModuleManager: Shutting down and abandoning module AudioEditor (32)
[2020.02.28-13.57.15:675][ 78]LogModuleManager: Shutting down and abandoning module TextureCompressor (30)
[2020.02.28-13.57.15:675][ 78]LogModuleManager: Shutting down and abandoning module ShaderCore (28)
[2020.02.28-13.57.15:675][ 78]LogModuleManager: Shutting down and abandoning module Landscape (26)
[2020.02.28-13.57.15:675][ 78]LogModuleManager: Shutting down and abandoning module SlateRHIRenderer (24)
[2020.02.28-13.57.15:677][ 78]LogModuleManager: Shutting down and abandoning module OpenGLDrv (22)
[2020.02.28-13.57.15:677][ 78]LogModuleManager: Shutting down and abandoning module D3D11RHI (20)
[2020.02.28-13.57.15:678][ 78]LogModuleManager: Shutting down and abandoning module AnimGraphRuntime (18)
[2020.02.28-13.57.15:678][ 78]LogModuleManager: Shutting down and abandoning module Renderer (16)
[2020.02.28-13.57.15:678][ 78]LogModuleManager: Shutting down and abandoning module Engine (14)
[2020.02.28-13.57.15:678][ 78]LogModuleManager: Shutting down and abandoning module CoreUObject (12)
[2020.02.28-13.57.15:678][ 78]LogModuleManager: Shutting down and abandoning module NetworkFile (10)
[2020.02.28-13.57.15:678][ 78]LogModuleManager: Shutting down and abandoning module CookedIterativeFile (8)
[2020.02.28-13.57.15:678][ 78]LogModuleManager: Shutting down and abandoning module StreamingFile (6)
[2020.02.28-13.57.15:678][ 78]LogModuleManager: Shutting down and abandoning module SandboxFile (4)
[2020.02.28-13.57.15:678][ 78]LogModuleManager: Shutting down and abandoning module PakFile (2)
[2020.02.28-13.57.15:702][ 78]LogExit: Exiting.
[2020.02.28-13.57.15:746][ 78]Log file closed, 02/28/20 13:57:15
